[0.183s] DEBUG:colcon:Command line arguments: ['/usr/bin/colcon', 'build', '--cmake-args', '-DCMAKE_BUILD_TYPE=Release', '-DCMAKE_LIBRARY_PATH=/usr/local/cuda/lib64/stubs']
[0.183s] DEBUG:colcon:Parsed command line arguments: Namespace(ament_cmake_args=None, base_paths='.', build_base='build', catkin_cmake_args=None, catkin_skip_building_tests=False, cmake_args=['-DCMAKE_BUILD_TYPE=Release', '-DCMAKE_LIBRARY_PATH=/usr/local/cuda/lib64/stubs'], cmake_clean_cache=False, cmake_clean_first=False, cmake_force_configure=False, cmake_target=None, cmake_target_skip_unavailable=False, continue_on_error=False, event_handlers=None, executor='parallel', ignore_user_meta=False, install_base='install', log_base='log', log_level=None, main=<bound method BuildVerb.main of <colcon_core.verb.build.BuildVerb object at 0x7fe34fcdee80>>, merge_install=False, metas='./colcon.meta', packages_above=None, packages_above_depth=None, packages_end=None, packages_ignore=None, packages_ignore_regex=None, packages_select=None, packages_select_build_failed=False, packages_select_by_dep=None, packages_select_regex=None, packages_select_test_failures=False, packages_skip=None, packages_skip_build_finished=False, packages_skip_by_dep=None, packages_skip_regex=None, packages_skip_test_passed=False, packages_skip_up_to=None, packages_start=None, packages_up_to=None, parallel_workers=8, paths=None, symlink_install=False, test_result_base=None, verb_extension=<colcon_core.verb.build.BuildVerb object at 0x7fe34fcdee80>, verb_name='build', verb_parser=<colcon_defaults.argument_parser.defaults.DefaultArgumentsDecorator object at 0x7fe34fcee048>)
[0.234s] Level 1:colcon.colcon_core.package_discovery:discover_packages(colcon_meta) check parameters
[0.234s] Level 1:colcon.colcon_core.package_discovery:discover_packages(recursive) check parameters
[0.234s] Level 1:colcon.colcon_core.package_discovery:discover_packages(ignore) check parameters
[0.234s] Level 1:colcon.colcon_core.package_discovery:discover_packages(path) check parameters
[0.234s] Level 1:colcon.colcon_core.package_discovery:discover_packages(recursive) discover
[0.234s] INFO:colcon.colcon_core.package_discovery:Crawling recursively for packages in '/home/autoware/Autoware/ros/src/computing/perception/localization/packages/gnss_localizer'
[0.234s] Level 1:colcon.colcon_core.package_identification:_identify(/home/autoware/Autoware/ros/src/computing/perception/localization/packages/gnss_localizer) by extensions ['ignore', 'ignore_ament_install']
[0.235s] Level 1:colcon.colcon_core.package_identification:_identify(/home/autoware/Autoware/ros/src/computing/perception/localization/packages/gnss_localizer) by extension 'ignore'
[0.235s] Level 1:colcon.colcon_core.package_identification:_identify(/home/autoware/Autoware/ros/src/computing/perception/localization/packages/gnss_localizer) by extension 'ignore_ament_install'
[0.235s] Level 1:colcon.colcon_core.package_identification:_identify(/home/autoware/Autoware/ros/src/computing/perception/localization/packages/gnss_localizer) by extensions ['colcon_pkg']
[0.235s] Level 1:colcon.colcon_core.package_identification:_identify(/home/autoware/Autoware/ros/src/computing/perception/localization/packages/gnss_localizer) by extension 'colcon_pkg'
[0.235s] Level 1:colcon.colcon_core.package_identification:_identify(/home/autoware/Autoware/ros/src/computing/perception/localization/packages/gnss_localizer) by extensions ['colcon_meta']
[0.235s] Level 1:colcon.colcon_core.package_identification:_identify(/home/autoware/Autoware/ros/src/computing/perception/localization/packages/gnss_localizer) by extension 'colcon_meta'
[0.235s] Level 1:colcon.colcon_core.package_identification:_identify(/home/autoware/Autoware/ros/src/computing/perception/localization/packages/gnss_localizer) by extensions ['ros']
[0.235s] Level 1:colcon.colcon_core.package_identification:_identify(/home/autoware/Autoware/ros/src/computing/perception/localization/packages/gnss_localizer) by extension 'ros'
[0.250s] DEBUG:colcon.colcon_core.package_identification:Package '/home/autoware/Autoware/ros/src/computing/perception/localization/packages/gnss_localizer' with type 'ros.catkin' and name 'gnss_localizer'
[0.250s] Level 1:colcon.colcon_core.package_discovery:discover_packages(recursive) using defaults
[0.256s] Level 5:colcon.colcon_core.verb:set package 'gnss_localizer' build argument 'cmake_args' from command line to '['-DCMAKE_BUILD_TYPE=Release', '-DCMAKE_LIBRARY_PATH=/usr/local/cuda/lib64/stubs']'
[0.256s] Level 5:colcon.colcon_core.verb:set package 'gnss_localizer' build argument 'cmake_target' from command line to 'None'
[0.256s] Level 5:colcon.colcon_core.verb:set package 'gnss_localizer' build argument 'cmake_target_skip_unavailable' from command line to 'False'
[0.256s] Level 5:colcon.colcon_core.verb:set package 'gnss_localizer' build argument 'cmake_clean_cache' from command line to 'False'
[0.256s] Level 5:colcon.colcon_core.verb:set package 'gnss_localizer' build argument 'cmake_clean_first' from command line to 'False'
[0.256s] Level 5:colcon.colcon_core.verb:set package 'gnss_localizer' build argument 'cmake_force_configure' from command line to 'False'
[0.256s] Level 5:colcon.colcon_core.verb:set package 'gnss_localizer' build argument 'ament_cmake_args' from command line to 'None'
[0.256s] Level 5:colcon.colcon_core.verb:set package 'gnss_localizer' build argument 'catkin_cmake_args' from command line to 'None'
[0.256s] Level 5:colcon.colcon_core.verb:set package 'gnss_localizer' build argument 'catkin_skip_building_tests' from command line to 'False'
[0.256s] DEBUG:colcon.colcon_core.verb:Building package 'gnss_localizer' with the following arguments: {'ament_cmake_args': None, 'build_base': '/home/autoware/Autoware/ros/src/computing/perception/localization/packages/gnss_localizer/build/gnss_localizer', 'catkin_cmake_args': None, 'catkin_skip_building_tests': False, 'cmake_args': ['-DCMAKE_BUILD_TYPE=Release', '-DCMAKE_LIBRARY_PATH=/usr/local/cuda/lib64/stubs'], 'cmake_clean_cache': False, 'cmake_clean_first': False, 'cmake_force_configure': False, 'cmake_target': None, 'cmake_target_skip_unavailable': False, 'install_base': '/home/autoware/Autoware/ros/src/computing/perception/localization/packages/gnss_localizer/install/gnss_localizer', 'merge_install': False, 'path': '/home/autoware/Autoware/ros/src/computing/perception/localization/packages/gnss_localizer', 'symlink_install': False, 'test_result_base': None}
[0.258s] INFO:colcon.colcon_core.executor:Executing jobs using 'parallel' executor
[0.259s] DEBUG:colcon.colcon_parallel_executor.executor.parallel:run_until_complete
[0.259s] INFO:colcon.colcon_ros.task.catkin.build:Building ROS package in '/home/autoware/Autoware/ros/src/computing/perception/localization/packages/gnss_localizer' with build type 'catkin'
[0.259s] INFO:colcon.colcon_cmake.task.cmake.build:Building CMake package in '/home/autoware/Autoware/ros/src/computing/perception/localization/packages/gnss_localizer'
[0.265s] INFO:colcon.colcon_core.plugin_system:Skipping extension 'colcon_core.shell.bat': Not used on non-Windows systems
[0.265s] INFO:colcon.colcon_core.shell:Skip shell extension 'powershell' for command environment: Not usable outside of PowerShell
[0.274s] WARNING:colcon.colcon_ros.prefix_path.catkin:The path '/home/autoware/sai_ros/devel' in the environment variable CMAKE_PREFIX_PATH seems to be a catkin workspace but it doesn't contain any 'local_setup.*' files. Maybe the catkin version is not up-to-date?
[0.274s] WARNING:colcon.colcon_ros.prefix_path.catkin:The path '/opt/ros/kinetic' in the environment variable CMAKE_PREFIX_PATH seems to be a catkin workspace but it doesn't contain any 'local_setup.*' files. Maybe the catkin version is not up-to-date?
[0.292s] DEBUG:colcon.colcon_core.event_handler.log_command:Invoking command in '/home/autoware/Autoware/ros/src/computing/perception/localization/packages/gnss_localizer/build/gnss_localizer': /usr/bin/cmake /home/autoware/Autoware/ros/src/computing/perception/localization/packages/gnss_localizer -DCMAKE_BUILD_TYPE=Release -DCMAKE_LIBRARY_PATH=/usr/local/cuda/lib64/stubs -DCATKIN_INSTALL_INTO_PREFIX_ROOT=0 -DCMAKE_INSTALL_PREFIX=/home/autoware/Autoware/ros/src/computing/perception/localization/packages/gnss_localizer/install/gnss_localizer
[3.430s] DEBUG:colcon.colcon_core.event_handler.log_command:Invoked command in '/home/autoware/Autoware/ros/src/computing/perception/localization/packages/gnss_localizer/build/gnss_localizer' returned '0': /usr/bin/cmake /home/autoware/Autoware/ros/src/computing/perception/localization/packages/gnss_localizer -DCMAKE_BUILD_TYPE=Release -DCMAKE_LIBRARY_PATH=/usr/local/cuda/lib64/stubs -DCATKIN_INSTALL_INTO_PREFIX_ROOT=0 -DCMAKE_INSTALL_PREFIX=/home/autoware/Autoware/ros/src/computing/perception/localization/packages/gnss_localizer/install/gnss_localizer
[3.435s] DEBUG:colcon.colcon_core.event_handler.log_command:Invoking command in '/home/autoware/Autoware/ros/src/computing/perception/localization/packages/gnss_localizer/build/gnss_localizer': /usr/bin/cmake --build /home/autoware/Autoware/ros/src/computing/perception/localization/packages/gnss_localizer/build/gnss_localizer -- -j8 -l8
[11.333s] DEBUG:colcon.colcon_core.event_handler.log_command:Invoked command in '/home/autoware/Autoware/ros/src/computing/perception/localization/packages/gnss_localizer/build/gnss_localizer' returned '0': /usr/bin/cmake --build /home/autoware/Autoware/ros/src/computing/perception/localization/packages/gnss_localizer/build/gnss_localizer -- -j8 -l8
[11.664s] DEBUG:colcon.colcon_core.event_handler.log_command:Invoking command in '/home/autoware/Autoware/ros/src/computing/perception/localization/packages/gnss_localizer/build/gnss_localizer': /usr/bin/cmake --build /home/autoware/Autoware/ros/src/computing/perception/localization/packages/gnss_localizer/build/gnss_localizer --target tests -- -j8 -l8
[11.790s] DEBUG:colcon.colcon_core.event_handler.log_command:Invoked command in '/home/autoware/Autoware/ros/src/computing/perception/localization/packages/gnss_localizer/build/gnss_localizer' returned '0': /usr/bin/cmake --build /home/autoware/Autoware/ros/src/computing/perception/localization/packages/gnss_localizer/build/gnss_localizer --target tests -- -j8 -l8
[12.124s] DEBUG:colcon.colcon_core.event_handler.log_command:Invoking command in '/home/autoware/Autoware/ros/src/computing/perception/localization/packages/gnss_localizer/build/gnss_localizer': /usr/bin/cmake --build /home/autoware/Autoware/ros/src/computing/perception/localization/packages/gnss_localizer/build/gnss_localizer --target install
[15.013s] Level 1:colcon.colcon_core.shell:create_environment_hook('gnss_localizer', 'ros_package_path')
[15.014s] INFO:colcon.colcon_core.shell:Creating environment hook '/home/autoware/Autoware/ros/src/computing/perception/localization/packages/gnss_localizer/install/gnss_localizer/share/gnss_localizer/hook/ros_package_path.ps1'
[15.014s] DEBUG:colcon.colcon_core.event_handler.log_command:Invoked command in '/home/autoware/Autoware/ros/src/computing/perception/localization/packages/gnss_localizer/build/gnss_localizer' returned '0': /usr/bin/cmake --build /home/autoware/Autoware/ros/src/computing/perception/localization/packages/gnss_localizer/build/gnss_localizer --target install
[15.015s] INFO:colcon.colcon_core.shell:Creating environment hook '/home/autoware/Autoware/ros/src/computing/perception/localization/packages/gnss_localizer/install/gnss_localizer/share/gnss_localizer/hook/ros_package_path.sh'
[15.016s] Level 1:colcon.colcon_ros.task.catkin:checking '/home/autoware/Autoware/ros/src/computing/perception/localization/packages/gnss_localizer/install/gnss_localizer/lib/python2.7/dist-packages'
[15.016s] Level 1:colcon.colcon_ros.task.catkin:checking '/home/autoware/Autoware/ros/src/computing/perception/localization/packages/gnss_localizer/install/gnss_localizer/lib/python2.7/site-packages'
[15.017s] Level 1:colcon.colcon_core.environment:create_environment_scripts_only(gnss_localizer)
[15.022s] Level 1:colcon.colcon_core.environment:checking '/home/autoware/Autoware/ros/src/computing/perception/localization/packages/gnss_localizer/install/gnss_localizer' for CMake module files
[15.023s] Level 1:colcon.colcon_core.environment:checking '/home/autoware/Autoware/ros/src/computing/perception/localization/packages/gnss_localizer/install/gnss_localizer' for CMake config files
[15.023s] Level 1:colcon.colcon_core.shell:create_environment_hook('gnss_localizer', 'cmake_prefix_path')
[15.023s] INFO:colcon.colcon_core.shell:Creating environment hook '/home/autoware/Autoware/ros/src/computing/perception/localization/packages/gnss_localizer/install/gnss_localizer/share/gnss_localizer/hook/cmake_prefix_path.ps1'
[15.024s] INFO:colcon.colcon_core.shell:Creating environment hook '/home/autoware/Autoware/ros/src/computing/perception/localization/packages/gnss_localizer/install/gnss_localizer/share/gnss_localizer/hook/cmake_prefix_path.sh'
[15.025s] Level 1:colcon.colcon_core.environment:checking '/home/autoware/Autoware/ros/src/computing/perception/localization/packages/gnss_localizer/install/gnss_localizer/lib'
[15.025s] Level 1:colcon.colcon_core.environment:checking '/home/autoware/Autoware/ros/src/computing/perception/localization/packages/gnss_localizer/install/gnss_localizer/bin'
[15.025s] Level 1:colcon.colcon_core.environment:checking '/home/autoware/Autoware/ros/src/computing/perception/localization/packages/gnss_localizer/install/gnss_localizer/lib/pkgconfig/gnss_localizer.pc'
[15.025s] Level 1:colcon.colcon_core.shell:create_environment_hook('gnss_localizer', 'pkg_config')
[15.026s] INFO:colcon.colcon_core.shell:Creating environment hook '/home/autoware/Autoware/ros/src/computing/perception/localization/packages/gnss_localizer/install/gnss_localizer/share/gnss_localizer/hook/pkg_config.ps1'
[15.026s] INFO:colcon.colcon_core.shell:Creating environment hook '/home/autoware/Autoware/ros/src/computing/perception/localization/packages/gnss_localizer/install/gnss_localizer/share/gnss_localizer/hook/pkg_config.sh'
[15.027s] Level 1:colcon.colcon_core.environment:checking '/home/autoware/Autoware/ros/src/computing/perception/localization/packages/gnss_localizer/install/gnss_localizer/lib/python3.5/site-packages'
[15.028s] INFO:colcon.colcon_core.shell:Creating package script '/home/autoware/Autoware/ros/src/computing/perception/localization/packages/gnss_localizer/install/gnss_localizer/share/gnss_localizer/package.ps1'
[15.029s] INFO:colcon.colcon_core.shell:Creating package script '/home/autoware/Autoware/ros/src/computing/perception/localization/packages/gnss_localizer/install/gnss_localizer/share/gnss_localizer/package.sh'
[15.030s] INFO:colcon.colcon_core.shell:Creating package script '/home/autoware/Autoware/ros/src/computing/perception/localization/packages/gnss_localizer/install/gnss_localizer/share/gnss_localizer/package.bash'
[15.031s] INFO:colcon.colcon_core.shell:Creating package script '/home/autoware/Autoware/ros/src/computing/perception/localization/packages/gnss_localizer/install/gnss_localizer/share/gnss_localizer/package.zsh'
[15.032s] Level 1:colcon.colcon_core.environment:create_file_with_runtime_dependencies(/home/autoware/Autoware/ros/src/computing/perception/localization/packages/gnss_localizer/install/gnss_localizer/share/colcon-core/packages/gnss_localizer)
[15.033s] DEBUG:colcon.colcon_parallel_executor.executor.parallel:closing loop
[15.033s] DEBUG:colcon.colcon_parallel_executor.executor.parallel:loop closed
[15.033s] DEBUG:colcon.colcon_parallel_executor.executor.parallel:run_until_complete finished with '0'
[15.033s] DEBUG:colcon.colcon_core.event_reactor:joining thread
[15.036s] INFO:colcon.colcon_core.plugin_system:Skipping extension 'colcon_notification.desktop_notification.win32': Not used on non-Windows systems
[15.042s] INFO:colcon.colcon_core.plugin_system:Skipping extension 'colcon_notification.desktop_notification.terminal_notifier': Not used on non-Darwin systems
[15.042s] INFO:colcon.colcon_notification.desktop_notification:Sending desktop notification using 'notify2'
[15.090s] DEBUG:colcon.colcon_core.event_reactor:joined thread
[15.091s] INFO:colcon.colcon_core.shell:Creating prefix script '/home/autoware/Autoware/ros/src/computing/perception/localization/packages/gnss_localizer/install/local_setup.ps1'
[15.093s] INFO:colcon.colcon_core.shell:Creating prefix chain script '/home/autoware/Autoware/ros/src/computing/perception/localization/packages/gnss_localizer/install/setup.ps1'
[15.102s] INFO:colcon.colcon_core.shell:Creating prefix script '/home/autoware/Autoware/ros/src/computing/perception/localization/packages/gnss_localizer/install/local_setup.sh'
[15.103s] INFO:colcon.colcon_core.shell:Creating prefix chain script '/home/autoware/Autoware/ros/src/computing/perception/localization/packages/gnss_localizer/install/setup.sh'
[15.112s] INFO:colcon.colcon_core.shell:Creating prefix script '/home/autoware/Autoware/ros/src/computing/perception/localization/packages/gnss_localizer/install/local_setup.bash'
[15.113s] INFO:colcon.colcon_core.shell:Creating prefix chain script '/home/autoware/Autoware/ros/src/computing/perception/localization/packages/gnss_localizer/install/setup.bash'
[15.123s] INFO:colcon.colcon_core.shell:Creating prefix script '/home/autoware/Autoware/ros/src/computing/perception/localization/packages/gnss_localizer/install/local_setup.zsh'
[15.124s] INFO:colcon.colcon_core.shell:Creating prefix chain script '/home/autoware/Autoware/ros/src/computing/perception/localization/packages/gnss_localizer/install/setup.zsh'
