In file included from [01m[K/home/autoware/Autoware_1.11.0_edit/ros/src/computing/planning/motion/packages/waypoint_planner/src/astar_avoid/astar_avoid.cpp:17:0[m[K:
[01m[K/home/autoware/Autoware_1.11.0_edit/ros/src/computing/planning/motion/packages/waypoint_planner/include/waypoint_planner/astar_avoid/astar_avoid.h:[m[K In constructor ‘[01m[KAstarAvoid::AstarAvoid()[m[K’:
[01m[K/home/autoware/Autoware_1.11.0_edit/ros/src/computing/planning/motion/packages/waypoint_planner/include/waypoint_planner/astar_avoid/astar_avoid.h:103:8:[m[K [01;35m[Kwarning: [m[K‘[01m[KAstarAvoid::closest_waypoint_initialized_[m[K’ will be initialized after [-Wreorder]
   bool closest_waypoint_initialized_;
[01;32m[K        ^[m[K
[01m[K/home/autoware/Autoware_1.11.0_edit/ros/src/computing/planning/motion/packages/waypoint_planner/include/waypoint_planner/astar_avoid/astar_avoid.h:86:8:[m[K [01;35m[Kwarning: [m[K  ‘[01m[Kbool AstarAvoid::terminate_thread_[m[K’ [-Wreorder]
   bool terminate_thread_;
[01;32m[K        ^[m[K
[01m[K/home/autoware/Autoware_1.11.0_edit/ros/src/computing/planning/motion/packages/waypoint_planner/src/astar_avoid/astar_avoid.cpp:19:1:[m[K [01;35m[Kwarning: [m[K  when initialized here [-Wreorder]
 AstarAvoid::AstarAvoid()
[01;32m[K ^[m[K
In file included from [01m[K/home/autoware/Autoware_1.11.0_edit/ros/src/computing/planning/motion/packages/waypoint_planner/src/velocity_set/velocity_set_info.cpp:17:0[m[K:
[01m[K/home/autoware/Autoware_1.11.0_edit/ros/src/computing/planning/motion/packages/waypoint_planner/src/velocity_set/../../src/velocity_set/velocity_set_info.h:[m[K In constructor ‘[01m[KVelocitySetInfo::VelocitySetInfo()[m[K’:
[01m[K/home/autoware/Autoware_1.11.0_edit/ros/src/computing/planning/motion/packages/waypoint_planner/src/velocity_set/../../src/velocity_set/velocity_set_info.h:55:8:[m[K [01;35m[Kwarning: [m[K‘[01m[KVelocitySetInfo::set_pose_[m[K’ will be initialized after [-Wreorder]
   bool set_pose_;
[01;32m[K        ^[m[K
[01m[K/home/autoware/Autoware_1.11.0_edit/ros/src/computing/planning/motion/packages/waypoint_planner/src/velocity_set/../../src/velocity_set/velocity_set_info.h:46:7:[m[K [01;35m[Kwarning: [m[K  ‘[01m[Kint VelocitySetInfo::wpidx_detectionResultByOtherNodes_[m[K’ [-Wreorder]
   int wpidx_detectionResultByOtherNodes_; // waypoints index@finalwaypoints
[01;32m[K       ^[m[K
[01m[K/home/autoware/Autoware_1.11.0_edit/ros/src/computing/planning/motion/packages/waypoint_planner/src/velocity_set/velocity_set_info.cpp:27:1:[m[K [01;35m[Kwarning: [m[K  when initialized here [-Wreorder]
 VelocitySetInfo::VelocitySetInfo()
[01;32m[K ^[m[K
