Invoking command in '/home/autoware/Autoware_1.11.0_edit/build/waypoint_planner': /usr/bin/cmake /home/autoware/Autoware_1.11.0_edit/ros/src/computing/planning/motion/packages/waypoint_planner -DCMAKE_BUILD_TYPE=Release -DCMAKE_LIBRARY_PATH=/usr/local/cuda/lib64/stubs -DCATKIN_INSTALL_INTO_PREFIX_ROOT=0 -DCMAKE_INSTALL_PREFIX=/home/autoware/Autoware_1.11.0_edit/install/waypoint_planner
-- The C compiler identification is GNU 5.4.0
-- The CXX compiler identification is GNU 5.4.0
-- Check for working C compiler: /usr/bin/cc
-- Check for working C compiler: /usr/bin/cc -- works
-- Detecting C compiler ABI info
-- Detecting C compiler ABI info - done
-- Detecting C compile features
-- Detecting C compile features - done
-- Check for working CXX compiler: /usr/bin/c++
-- Check for working CXX compiler: /usr/bin/c++ -- works
-- Detecting CXX compiler ABI info
-- Detecting CXX compiler ABI info - done
-- Detecting CXX compile features
-- Detecting CXX compile features - done
-- Using CATKIN_DEVEL_PREFIX: /home/autoware/Autoware_1.11.0_edit/build/waypoint_planner/devel
-- Using CMAKE_PREFIX_PATH: /home/autoware/Autoware_1.11.0_edit/ros/install/ymc;/home/autoware/Autoware_1.11.0_edit/ros/install/xsens_driver;/home/autoware/Autoware_1.11.0_edit/ros/install/lattice_planner;/home/autoware/Autoware_1.11.0_edit/ros/install/waypoint_planner;/home/autoware/Autoware_1.11.0_edit/ros/install/waypoint_maker;/home/autoware/Autoware_1.11.0_edit/ros/install/way_planner;/home/autoware/Autoware_1.11.0_edit/ros/install/trafficlight_recognizer;/home/autoware/Autoware_1.11.0_edit/ros/install/op_utilities;/home/autoware/Autoware_1.11.0_edit/ros/install/op_simulation_package;/home/autoware/Autoware_1.11.0_edit/ros/install/op_local_planner;/home/autoware/Autoware_1.11.0_edit/ros/install/op_global_planner;/home/autoware/Autoware_1.11.0_edit/ros/install/lidar_kf_contour_track;/home/autoware/Autoware_1.11.0_edit/ros/install/op_ros_helpers;/home/autoware/Autoware_1.11.0_edit/ros/install/lane_planner;/home/autoware/Autoware_1.11.0_edit/ros/install/ff_waypoint_follower;/home/autoware/Autoware_1.11.0_edit/ros/install/dp_planner;/home/autoware/Autoware_1.11.0_edit/ros/install/waypoint_follower;/home/autoware/Autoware_1.11.0_edit/ros/install/vlg22c_cam;/home/autoware/Autoware_1.11.0_edit/ros/install/vision_ssd_detect;/home/autoware/Autoware_1.11.0_edit/ros/install/vision_segment_enet_detect;/home/autoware/Autoware_1.11.0_edit/ros/install/vision_lane_detect;/home/autoware/Autoware_1.11.0_edit/ros/install/vision_dpm_ttic_detect;/home/autoware/Autoware_1.11.0_edit/ros/install/vision_darknet_detect;/home/autoware/Autoware_1.11.0_edit/ros/install/vision_beyond_track;/home/autoware/Autoware_1.11.0_edit/ros/install/vehicle_socket;/home/autoware/Autoware_1.11.0_edit/ros/install/vehicle_model;/home/autoware/Autoware_1.11.0_edit/ros/install/vehicle_gazebo_simulation_launcher;/home/autoware/Autoware_1.11.0_edit/ros/install/vehicle_gazebo_simulation_interface;/home/autoware/Autoware_1.11.0_edit/ros/install/vehicle_description;/home/autoware/Autoware_1.11.0_edit/ros/install/op_simu;/home/autoware/Autoware_1.11.0_edit/ros/install/op_planner;/home/autoware/Autoware_1.11.0_edit/ros/install/op_utility;/home/autoware/Autoware_1.11.0_edit/ros/install/lidar_euclidean_cluster_detect;/home/autoware/Autoware_1.11.0_edit/ros/install/vector_map_server;/home/autoware/Autoware_1.11.0_edit/ros/install/road_occupancy_processor;/home/autoware/Autoware_1.11.0_edit/ros/install/costmap_generator;/home/autoware/Autoware_1.11.0_edit/ros/install/object_map;/home/autoware/Autoware_1.11.0_edit/ros/install/naive_motion_predict;/home/autoware/Autoware_1.11.0_edit/ros/install/map_file;/home/autoware/Autoware_1.11.0_edit/ros/install/libvectormap;/home/autoware/Autoware_1.11.0_edit/ros/install/imm_ukf_pda_track;/home/autoware/Autoware_1.11.0_edit/ros/install/decision_maker;/home/autoware/Autoware_1.11.0_edit/ros/install/vector_map;/home/autoware/Autoware_1.11.0_edit/ros/install/vector_map_msgs;/home/autoware/Autoware_1.11.0_edit/ros/install/vectacam;/home/autoware/Autoware_1.11.0_edit/ros/install/udon_socket;/home/autoware/Autoware_1.11.0_edit/ros/install/tablet_socket;/home/autoware/Autoware_1.11.0_edit/ros/install/runtime_manager;/home/autoware/Autoware_1.11.0_edit/ros/install/mqtt_socket;/home/autoware/Autoware_1.11.0_edit/ros/install/tablet_socket_msgs;/home/autoware/Autoware_1.11.0_edit/ros/install/state_machine_lib;/home/autoware/Autoware_1.11.0_edit/ros/install/sound_player;/home/autoware/Autoware_1.11.0_edit/ros/install/signal_creator;/home/autoware/Autoware_1.11.0_edit/ros/install/sick_lms5xx;/home/autoware/Autoware_1.11.0_edit/ros/install/sick_ldmrs_tools;/home/autoware/Autoware_1.11.0_edit/ros/install/sick_ldmrs_driver;/home/autoware/Autoware_1.11.0_edit/ros/install/sick_ldmrs_msgs;/home/autoware/Autoware_1.11.0_edit/ros/install/sick_ldmrs_description;/home/autoware/Autoware_1.11.0_edit/ros/install/rslidar_driver;/home/autoware/Autoware_1.11.0_edit/ros/install/rslidar_msgs;/home/autoware/Autoware_1.11.0_edit/ros/install/points2image;/home/autoware/Autoware_1.11.0_edit/ros/install/rosinterface;/home/autoware/Autoware_1.11.0_edit/ros/install/rosbag_controller;/home/autoware/Autoware_1.11.0_edit/ros/install/roi_object_filter;/home/autoware/Autoware_1.11.0_edit/ros/install/range_vision_fusion;/home/autoware/Autoware_1.11.0_edit/ros/install/pos_db;/home/autoware/Autoware_1.11.0_edit/ros/install/points_preprocessor;/home/autoware/Autoware_1.11.0_edit/ros/install/points_downsampler;/home/autoware/Autoware_1.11.0_edit/ros/install/pixel_cloud_fusion;/home/autoware/Autoware_1.11.0_edit/ros/install/lidar_localizer;/home/autoware/Autoware_1.11.0_edit/ros/install/pcl_omp_registration;/home/autoware/Autoware_1.11.0_edit/ros/install/pc2_downsampler;/home/autoware/Autoware_1.11.0_edit/ros/install/ouster_ros;/home/autoware/Autoware_1.11.0_edit/ros/install/oculus_socket;/home/autoware/Autoware_1.11.0_edit/ros/install/obj_db;/home/autoware/Autoware_1.11.0_edit/ros/install/novatel_oem7;/home/autoware/Autoware_1.11.0_edit/ros/install/nmea_navsat;/home/autoware/Autoware_1.11.0_edit/ros/install/ndt_tku;/home/autoware/Autoware_1.11.0_edit/ros/install/ndt_gpu;/home/autoware/Autoware_1.11.0_edit/ros/install/ndt_cpu;/home/autoware/Autoware_1.11.0_edit/ros/install/multi_lidar_calibrator;/home/autoware/Autoware_1.11.0_edit/ros/install/microstrain_driver;/home/autoware/Autoware_1.11.0_edit/ros/install/memsic_imu;/home/autoware/Autoware_1.11.0_edit/ros/install/marker_downsampler;/home/autoware/Autoware_1.11.0_edit/ros/install/map_tools;/home/autoware/Autoware_1.11.0_edit/ros/install/map_tf_generator;/home/autoware/Autoware_1.11.0_edit/ros/install/log_tools;/home/autoware/Autoware_1.11.0_edit/ros/install/lidar_shape_estimation;/home/autoware/Autoware_1.11.0_edit/ros/install/lidar_point_pillars;/home/autoware/Autoware_1.11.0_edit/ros/install/lidar_naive_l_shape_detect;/home/autoware/Autoware_1.11.0_edit/ros/install/lidar_fake_perception;/home/autoware/Autoware_1.11.0_edit/ros/install/lidar_apollo_cnn_seg_detect;/home/autoware/Autoware_1.11.0_edit/ros/install/libdpm_ttic;/home/autoware/Autoware_1.11.0_edit/ros/install/lgsvl_simulator_bridge;/home/autoware/Autoware_1.11.0_edit/ros/install/lgsvl_msgs;/home/autoware/Autoware_1.11.0_edit/ros/install/kvaser;/home/autoware/Autoware_1.11.0_edit/ros/install/kitti_launch;/home/autoware/Autoware_1.11.0_edit/ros/install/kitti_player;/home/autoware/Autoware_1.11.0_edit/ros/install/kitti_box_publisher;/home/autoware/Autoware_1.11.0_edit/ros/install/javad_navsat_driver;/home/autoware/Autoware_1.11.0_edit/ros/install/integrated_viewer;/home/autoware/Autoware_1.11.0_edit/ros/install/image_processor;/home/autoware/Autoware_1.11.0_edit/ros/install/hokuyo;/home/autoware/Autoware_1.11.0_edit/ros/install/graph_tools;/home/autoware/Autoware_1.11.0_edit/ros/install/gnss_localizer;/home/autoware/Autoware_1.11.0_edit/ros/install/gnss;/home/autoware/Autoware_1.11.0_edit/ros/install/glviewer;/home/autoware/Autoware_1.11.0_edit/ros/install/gazebo_world_description;/home/autoware/Autoware_1.11.0_edit/ros/install/gazebo_imu_description;/home/autoware/Autoware_1.11.0_edit/ros/install/gazebo_camera_description;/home/autoware/Autoware_1.11.0_edit/ros/install/garmin;/home/autoware/Autoware_1.11.0_edit/ros/install/freespace_planner;/home/autoware/Autoware_1.11.0_edit/ros/install/fastvirtualscan;/home/autoware/Autoware_1.11.0_edit/ros/install/detected_objects_visualizer;/home/autoware/Autoware_1.11.0_edit/ros/install/decision_maker_panel;/home/autoware/Autoware_1.11.0_edit/ros/install/dbw_mkz_msgs;/home/autoware/Autoware_1.11.0_edit/ros/install/data_preprocessor;/home/autoware/Autoware_1.11.0_edit/ros/install/custom_msgs;/home/autoware/Autoware_1.11.0_edit/ros/install/calibration_publisher;/home/autoware/Autoware_1.11.0_edit/ros/install/autoware_health_checker;/home/autoware/Autoware_1.11.0_edit/ros/install/autoware_system_msgs;/home/autoware/Autoware_1.11.0_edit/ros/install/autoware_rviz_plugins;/home/autoware/Autoware_1.11.0_edit/ros/install/autoware_pointgrey_drivers;/home/autoware/Autoware_1.11.0_edit/ros/install/autoware_driveworks_interface;/home/autoware/Autoware_1.11.0_edit/ros/install/autoware_connector;/home/autoware/Autoware_1.11.0_edit/ros/install/autoware_camera_lidar_calibrator;/home/autoware/Autoware_1.11.0_edit/ros/install/astar_search;/home/autoware/Autoware_1.11.0_edit/ros/install/as;/home/autoware/Autoware_1.11.0_edit/ros/install/amathutils_lib;/home/autoware/Autoware_1.11.0_edit/ros/install/autoware_msgs;/home/autoware/Autoware_1.11.0_edit/ros/install/autoware_launcher_rviz;/home/autoware/Autoware_1.11.0_edit/ros/install/autoware_launcher;/home/autoware/Autoware_1.11.0_edit/ros/install/autoware_driveworks_gmsl_interface;/home/autoware/Autoware_1.11.0_edit/ros/install/autoware_config_msgs;/home/autoware/Autoware_1.11.0_edit/ros/install/autoware_can_msgs;/home/autoware/Autoware_1.11.0_edit/ros/install/autoware_build_flags;/home/autoware/Autoware_1.11.0_edit/ros/install/autoware_bag_tools;/home/autoware/Autoware_1.11.0_edit/ros/install/adi_driver;/opt/ros/kinetic
-- This workspace overlays: /home/autoware/Autoware_1.11.0_edit/ros/install/ymc;/home/autoware/Autoware_1.11.0_edit/ros/install/xsens_driver;/home/autoware/Autoware_1.11.0_edit/ros/install/lattice_planner;/home/autoware/Autoware_1.11.0_edit/ros/install/waypoint_planner;/home/autoware/Autoware_1.11.0_edit/ros/install/waypoint_maker;/home/autoware/Autoware_1.11.0_edit/ros/install/way_planner;/home/autoware/Autoware_1.11.0_edit/ros/install/trafficlight_recognizer;/home/autoware/Autoware_1.11.0_edit/ros/install/op_utilities;/home/autoware/Autoware_1.11.0_edit/ros/install/op_simulation_package;/home/autoware/Autoware_1.11.0_edit/ros/install/op_local_planner;/home/autoware/Autoware_1.11.0_edit/ros/install/op_global_planner;/home/autoware/Autoware_1.11.0_edit/ros/install/lidar_kf_contour_track;/home/autoware/Autoware_1.11.0_edit/ros/install/op_ros_helpers;/home/autoware/Autoware_1.11.0_edit/ros/install/lane_planner;/home/autoware/Autoware_1.11.0_edit/ros/install/ff_waypoint_follower;/home/autoware/Autoware_1.11.0_edit/ros/install/dp_planner;/home/autoware/Autoware_1.11.0_edit/ros/install/waypoint_follower;/home/autoware/Autoware_1.11.0_edit/ros/install/vlg22c_cam;/home/autoware/Autoware_1.11.0_edit/ros/install/vision_ssd_detect;/home/autoware/Autoware_1.11.0_edit/ros/install/vision_segment_enet_detect;/home/autoware/Autoware_1.11.0_edit/ros/install/vision_lane_detect;/home/autoware/Autoware_1.11.0_edit/ros/install/vision_dpm_ttic_detect;/home/autoware/Autoware_1.11.0_edit/ros/install/vision_darknet_detect;/home/autoware/Autoware_1.11.0_edit/ros/install/vision_beyond_track;/home/autoware/Autoware_1.11.0_edit/ros/install/vehicle_socket;/home/autoware/Autoware_1.11.0_edit/ros/install/vehicle_model;/home/autoware/Autoware_1.11.0_edit/ros/install/vehicle_gazebo_simulation_launcher;/home/autoware/Autoware_1.11.0_edit/ros/install/vehicle_gazebo_simulation_interface;/home/autoware/Autoware_1.11.0_edit/ros/install/vehicle_description;/home/autoware/Autoware_1.11.0_edit/ros/install/op_simu;/home/autoware/Autoware_1.11.0_edit/ros/install/op_planner;/home/autoware/Autoware_1.11.0_edit/ros/install/op_utility;/home/autoware/Autoware_1.11.0_edit/ros/install/lidar_euclidean_cluster_detect;/home/autoware/Autoware_1.11.0_edit/ros/install/vector_map_server;/home/autoware/Autoware_1.11.0_edit/ros/install/road_occupancy_processor;/home/autoware/Autoware_1.11.0_edit/ros/install/costmap_generator;/home/autoware/Autoware_1.11.0_edit/ros/install/object_map;/home/autoware/Autoware_1.11.0_edit/ros/install/naive_motion_predict;/home/autoware/Autoware_1.11.0_edit/ros/install/map_file;/home/autoware/Autoware_1.11.0_edit/ros/install/libvectormap;/home/autoware/Autoware_1.11.0_edit/ros/install/imm_ukf_pda_track;/home/autoware/Autoware_1.11.0_edit/ros/install/decision_maker;/home/autoware/Autoware_1.11.0_edit/ros/install/vector_map;/home/autoware/Autoware_1.11.0_edit/ros/install/vector_map_msgs;/home/autoware/Autoware_1.11.0_edit/ros/install/vectacam;/home/autoware/Autoware_1.11.0_edit/ros/install/udon_socket;/home/autoware/Autoware_1.11.0_edit/ros/install/tablet_socket;/home/autoware/Autoware_1.11.0_edit/ros/install/runtime_manager;/home/autoware/Autoware_1.11.0_edit/ros/install/mqtt_socket;/home/autoware/Autoware_1.11.0_edit/ros/install/tablet_socket_msgs;/home/autoware/Autoware_1.11.0_edit/ros/install/state_machine_lib;/home/autoware/Autoware_1.11.0_edit/ros/install/sound_player;/home/autoware/Autoware_1.11.0_edit/ros/install/signal_creator;/home/autoware/Autoware_1.11.0_edit/ros/install/sick_lms5xx;/home/autoware/Autoware_1.11.0_edit/ros/install/sick_ldmrs_tools;/home/autoware/Autoware_1.11.0_edit/ros/install/sick_ldmrs_driver;/home/autoware/Autoware_1.11.0_edit/ros/install/sick_ldmrs_msgs;/home/autoware/Autoware_1.11.0_edit/ros/install/sick_ldmrs_description;/home/autoware/Autoware_1.11.0_edit/ros/install/rslidar_driver;/home/autoware/Autoware_1.11.0_edit/ros/install/rslidar_msgs;/home/autoware/Autoware_1.11.0_edit/ros/install/points2image;/home/autoware/Autoware_1.11.0_edit/ros/install/rosinterface;/home/autoware/Autoware_1.11.0_edit/ros/install/rosbag_controller;/home/autoware/Autoware_1.11.0_edit/ros/install/roi_object_filter;/home/autoware/Autoware_1.11.0_edit/ros/install/range_vision_fusion;/home/autoware/Autoware_1.11.0_edit/ros/install/pos_db;/home/autoware/Autoware_1.11.0_edit/ros/install/points_preprocessor;/home/autoware/Autoware_1.11.0_edit/ros/install/points_downsampler;/home/autoware/Autoware_1.11.0_edit/ros/install/pixel_cloud_fusion;/home/autoware/Autoware_1.11.0_edit/ros/install/lidar_localizer;/home/autoware/Autoware_1.11.0_edit/ros/install/pcl_omp_registration;/home/autoware/Autoware_1.11.0_edit/ros/install/pc2_downsampler;/home/autoware/Autoware_1.11.0_edit/ros/install/ouster_ros;/home/autoware/Autoware_1.11.0_edit/ros/install/oculus_socket;/home/autoware/Autoware_1.11.0_edit/ros/install/obj_db;/home/autoware/Autoware_1.11.0_edit/ros/install/novatel_oem7;/home/autoware/Autoware_1.11.0_edit/ros/install/nmea_navsat;/home/autoware/Autoware_1.11.0_edit/ros/install/ndt_tku;/home/autoware/Autoware_1.11.0_edit/ros/install/ndt_gpu;/home/autoware/Autoware_1.11.0_edit/ros/install/ndt_cpu;/home/autoware/Autoware_1.11.0_edit/ros/install/multi_lidar_calibrator;/home/autoware/Autoware_1.11.0_edit/ros/install/microstrain_driver;/home/autoware/Autoware_1.11.0_edit/ros/install/memsic_imu;/home/autoware/Autoware_1.11.0_edit/ros/install/marker_downsampler;/home/autoware/Autoware_1.11.0_edit/ros/install/map_tools;/home/autoware/Autoware_1.11.0_edit/ros/install/map_tf_generator;/home/autoware/Autoware_1.11.0_edit/ros/install/log_tools;/home/autoware/Autoware_1.11.0_edit/ros/install/lidar_shape_estimation;/home/autoware/Autoware_1.11.0_edit/ros/install/lidar_point_pillars;/home/autoware/Autoware_1.11.0_edit/ros/install/lidar_naive_l_shape_detect;/home/autoware/Autoware_1.11.0_edit/ros/install/lidar_fake_perception;/home/autoware/Autoware_1.11.0_edit/ros/install/lidar_apollo_cnn_seg_detect;/home/autoware/Autoware_1.11.0_edit/ros/install/libdpm_ttic;/home/autoware/Autoware_1.11.0_edit/ros/install/lgsvl_simulator_bridge;/home/autoware/Autoware_1.11.0_edit/ros/install/lgsvl_msgs;/home/autoware/Autoware_1.11.0_edit/ros/install/kvaser;/home/autoware/Autoware_1.11.0_edit/ros/install/kitti_launch;/home/autoware/Autoware_1.11.0_edit/ros/install/kitti_player;/home/autoware/Autoware_1.11.0_edit/ros/install/kitti_box_publisher;/home/autoware/Autoware_1.11.0_edit/ros/install/javad_navsat_driver;/home/autoware/Autoware_1.11.0_edit/ros/install/integrated_viewer;/home/autoware/Autoware_1.11.0_edit/ros/install/image_processor;/home/autoware/Autoware_1.11.0_edit/ros/install/hokuyo;/home/autoware/Autoware_1.11.0_edit/ros/install/graph_tools;/home/autoware/Autoware_1.11.0_edit/ros/install/gnss_localizer;/home/autoware/Autoware_1.11.0_edit/ros/install/gnss;/home/autoware/Autoware_1.11.0_edit/ros/install/glviewer;/home/autoware/Autoware_1.11.0_edit/ros/install/gazebo_world_description;/home/autoware/Autoware_1.11.0_edit/ros/install/gazebo_imu_description;/home/autoware/Autoware_1.11.0_edit/ros/install/gazebo_camera_description;/home/autoware/Autoware_1.11.0_edit/ros/install/garmin;/home/autoware/Autoware_1.11.0_edit/ros/install/freespace_planner;/home/autoware/Autoware_1.11.0_edit/ros/install/fastvirtualscan;/home/autoware/Autoware_1.11.0_edit/ros/install/detected_objects_visualizer;/home/autoware/Autoware_1.11.0_edit/ros/install/decision_maker_panel;/home/autoware/Autoware_1.11.0_edit/ros/install/dbw_mkz_msgs;/home/autoware/Autoware_1.11.0_edit/ros/install/data_preprocessor;/home/autoware/Autoware_1.11.0_edit/ros/install/custom_msgs;/home/autoware/Autoware_1.11.0_edit/ros/install/calibration_publisher;/home/autoware/Autoware_1.11.0_edit/ros/install/autoware_health_checker;/home/autoware/Autoware_1.11.0_edit/ros/install/autoware_system_msgs;/home/autoware/Autoware_1.11.0_edit/ros/install/autoware_rviz_plugins;/home/autoware/Autoware_1.11.0_edit/ros/install/autoware_pointgrey_drivers;/home/autoware/Autoware_1.11.0_edit/ros/install/autoware_driveworks_interface;/home/autoware/Autoware_1.11.0_edit/ros/install/autoware_connector;/home/autoware/Autoware_1.11.0_edit/ros/install/autoware_camera_lidar_calibrator;/home/autoware/Autoware_1.11.0_edit/ros/install/astar_search;/home/autoware/Autoware_1.11.0_edit/ros/install/as;/home/autoware/Autoware_1.11.0_edit/ros/install/amathutils_lib;/home/autoware/Autoware_1.11.0_edit/ros/install/autoware_msgs;/home/autoware/Autoware_1.11.0_edit/ros/install/autoware_launcher_rviz;/home/autoware/Autoware_1.11.0_edit/ros/install/autoware_launcher;/home/autoware/Autoware_1.11.0_edit/ros/install/autoware_driveworks_gmsl_interface;/home/autoware/Autoware_1.11.0_edit/ros/install/autoware_config_msgs;/home/autoware/Autoware_1.11.0_edit/ros/install/autoware_can_msgs;/home/autoware/Autoware_1.11.0_edit/ros/install/autoware_build_flags;/home/autoware/Autoware_1.11.0_edit/ros/install/autoware_bag_tools;/home/autoware/Autoware_1.11.0_edit/ros/install/adi_driver;/opt/ros/kinetic
-- Found PythonInterp: /usr/bin/python (found version "2.7.12") 
-- Using PYTHON_EXECUTABLE: /usr/bin/python
-- Using Debian Python package layout
-- Using empy: /usr/bin/empy
-- Using CATKIN_ENABLE_TESTING: ON
-- Call enable_testing()
-- Using CATKIN_TEST_RESULTS_DIR: /home/autoware/Autoware_1.11.0_edit/build/waypoint_planner/test_results
-- Found gmock sources under '/usr/src/gmock': gmock will be built
-- Looking for pthread.h
-- Looking for pthread.h - found
-- Looking for pthread_create
-- Looking for pthread_create - not found
-- Looking for pthread_create in pthreads
-- Looking for pthread_create in pthreads - not found
-- Looking for pthread_create in pthread
-- Looking for pthread_create in pthread - found
-- Found Threads: TRUE  
-- Found gtest sources under '/usr/src/gmock': gtests will be built
-- Using Python nosetests: /usr/bin/nosetests-2.7
-- catkin 0.7.14
-- Using these message generators: gencpp;geneus;genlisp;gennodejs;genpy
-- Configuring done
-- Generating done
-- Build files have been written to: /home/autoware/Autoware_1.11.0_edit/build/waypoint_planner
Invoked command in '/home/autoware/Autoware_1.11.0_edit/build/waypoint_planner' returned '0': /usr/bin/cmake /home/autoware/Autoware_1.11.0_edit/ros/src/computing/planning/motion/packages/waypoint_planner -DCMAKE_BUILD_TYPE=Release -DCMAKE_LIBRARY_PATH=/usr/local/cuda/lib64/stubs -DCATKIN_INSTALL_INTO_PREFIX_ROOT=0 -DCMAKE_INSTALL_PREFIX=/home/autoware/Autoware_1.11.0_edit/install/waypoint_planner
Invoking command in '/home/autoware/Autoware_1.11.0_edit/build/waypoint_planner': /usr/bin/cmake --build /home/autoware/Autoware_1.11.0_edit/build/waypoint_planner -- -j8 -l8
[35m[1mScanning dependencies of target vector_map_msgs_generate_messages_cpp[0m
[35m[1mScanning dependencies of target vector_map_msgs_generate_messages_py[0m
[35m[1mScanning dependencies of target nodelet_generate_messages_eus[0m
[35m[1mScanning dependencies of target jsk_footstep_msgs_generate_messages_lisp[0m
[35m[1mScanning dependencies of target visualization_msgs_generate_messages_py[0m
[35m[1mScanning dependencies of target vector_map_msgs_generate_messages_lisp[0m
[35m[1mScanning dependencies of target visualization_msgs_generate_messages_nodejs[0m
[35m[1mScanning dependencies of target topic_tools_generate_messages_cpp[0m
[  0%] Built target vector_map_msgs_generate_messages_py
[  0%] Built target nodelet_generate_messages_eus
[  0%] Built target vector_map_msgs_generate_messages_cpp
[  0%] Built target visualization_msgs_generate_messages_py
[  0%] Built target jsk_footstep_msgs_generate_messages_lisp
[  0%] Built target visualization_msgs_generate_messages_nodejs
[  0%] Built target vector_map_msgs_generate_messages_lisp
[  0%] Built target topic_tools_generate_messages_cpp
[35m[1mScanning dependencies of target topic_tools_generate_messages_eus[0m
[35m[1mScanning dependencies of target roscpp_generate_messages_eus[0m
[35m[1mScanning dependencies of target bond_generate_messages_eus[0m
[35m[1mScanning dependencies of target pcl_msgs_generate_messages_nodejs[0m
[35m[1mScanning dependencies of target nodelet_generate_messages_nodejs[0m
[35m[1mScanning dependencies of target autoware_config_msgs_generate_messages_cpp[0m
[  0%] Built target roscpp_generate_messages_eus
[35m[1mScanning dependencies of target std_srvs_generate_messages_nodejs[0m
[35m[1mScanning dependencies of target vector_map_msgs_generate_messages_nodejs[0m
[  0%] Built target topic_tools_generate_messages_eus
[  0%] Built target bond_generate_messages_eus
[35m[1mScanning dependencies of target visualization_msgs_generate_messages_lisp[0m
[  0%] Built target autoware_config_msgs_generate_messages_cpp
[  0%] Built target pcl_msgs_generate_messages_nodejs
[  0%] Built target vector_map_msgs_generate_messages_nodejs
[  0%] Built target std_srvs_generate_messages_nodejs
[  0%] Built target nodelet_generate_messages_nodejs
[35m[1mScanning dependencies of target autoware_system_msgs_generate_messages_nodejs[0m
[35m[1mScanning dependencies of target autoware_system_msgs_generate_messages_cpp[0m
[  0%] Built target visualization_msgs_generate_messages_lisp
[35m[1mScanning dependencies of target tablet_socket_msgs_generate_messages_lisp[0m
[35m[1mScanning dependencies of target tablet_socket_msgs_generate_messages_cpp[0m
[35m[1mScanning dependencies of target tablet_socket_msgs_generate_messages_eus[0m
[35m[1mScanning dependencies of target tablet_socket_msgs_generate_messages_nodejs[0m
[35m[1mScanning dependencies of target visualization_msgs_generate_messages_cpp[0m
[  0%] Built target autoware_system_msgs_generate_messages_nodejs
[35m[1mScanning dependencies of target autoware_config_msgs_generate_messages_nodejs[0m
[  0%] Built target tablet_socket_msgs_generate_messages_eus
[  0%] Built target autoware_system_msgs_generate_messages_cpp
[  0%] Built target tablet_socket_msgs_generate_messages_nodejs
[  0%] Built target tablet_socket_msgs_generate_messages_lisp
[  0%] Built target tablet_socket_msgs_generate_messages_cpp
[35m[1mScanning dependencies of target autoware_config_msgs_generate_messages_lisp[0m
[  0%] Built target autoware_config_msgs_generate_messages_nodejs
[35m[1mScanning dependencies of target autoware_config_msgs_generate_messages_py[0m
[  0%] Built target visualization_msgs_generate_messages_cpp
[35m[1mScanning dependencies of target jsk_footstep_msgs_generate_messages_py[0m
[35m[1mScanning dependencies of target autoware_config_msgs_generate_messages_eus[0m
[35m[1mScanning dependencies of target jsk_footstep_msgs_generate_messages_nodejs[0m
[  0%] Built target autoware_config_msgs_generate_messages_py
[35m[1mScanning dependencies of target sensor_msgs_generate_messages_eus[0m
[  0%] Built target autoware_config_msgs_generate_messages_lisp
[  0%] Built target jsk_footstep_msgs_generate_messages_py
[35m[1mScanning dependencies of target tablet_socket_msgs_generate_messages_py[0m
[35m[1mScanning dependencies of target actionlib_generate_messages_nodejs[0m
[  0%] Built target jsk_footstep_msgs_generate_messages_nodejs
[  0%] Built target autoware_config_msgs_generate_messages_eus
[35m[1mScanning dependencies of target actionlib_msgs_generate_messages_cpp[0m
[35m[1mScanning dependencies of target rosgraph_msgs_generate_messages_cpp[0m
[  0%] Built target sensor_msgs_generate_messages_eus
[35m[1mScanning dependencies of target pcl_msgs_generate_messages_eus[0m
[  0%] Built target tablet_socket_msgs_generate_messages_py
[35m[1mScanning dependencies of target nodelet_topic_tools_gencfg[0m
[  0%] Built target actionlib_generate_messages_nodejs
[  0%] Built target actionlib_msgs_generate_messages_cpp
[  0%] Built target rosgraph_msgs_generate_messages_cpp
[35m[1mScanning dependencies of target tf2_msgs_generate_messages_nodejs[0m
[35m[1mScanning dependencies of target bond_generate_messages_lisp[0m
[  0%] Built target nodelet_topic_tools_gencfg
[35m[1mScanning dependencies of target dynamic_reconfigure_gencfg[0m
[35m[1mScanning dependencies of target pcl_msgs_generate_messages_py[0m
[35m[1mScanning dependencies of target visualization_msgs_generate_messages_eus[0m
[  0%] Built target pcl_msgs_generate_messages_eus
[35m[1mScanning dependencies of target bond_generate_messages_nodejs[0m
[  0%] Built target tf2_msgs_generate_messages_nodejs
[  0%] Built target bond_generate_messages_lisp
[35m[1mScanning dependencies of target dynamic_reconfigure_generate_messages_eus[0m
[35m[1mScanning dependencies of target jsk_recognition_msgs_generate_messages_cpp[0m
[  0%] Built target dynamic_reconfigure_gencfg
[35m[1mScanning dependencies of target jsk_recognition_msgs_generate_messages_eus[0m
[35m[1mScanning dependencies of target roscpp_generate_messages_py[0m
[  0%] Built target pcl_msgs_generate_messages_py
[  0%] Built target bond_generate_messages_nodejs
[  0%] Built target visualization_msgs_generate_messages_eus
[35m[1mScanning dependencies of target nodelet_generate_messages_cpp[0m
[  0%] Built target jsk_recognition_msgs_generate_messages_eus
[  0%] Built target jsk_recognition_msgs_generate_messages_cpp
[  0%] Built target dynamic_reconfigure_generate_messages_eus
[35m[1mScanning dependencies of target std_msgs_generate_messages_nodejs[0m
[  0%] Built target roscpp_generate_messages_py
[35m[1mScanning dependencies of target nodelet_generate_messages_py[0m
[35m[1mScanning dependencies of target autoware_system_msgs_generate_messages_py[0m
[35m[1mScanning dependencies of target bond_generate_messages_cpp[0m
[35m[1mScanning dependencies of target nodelet_generate_messages_lisp[0m
[35m[1mScanning dependencies of target roscpp_generate_messages_cpp[0m
[  0%] Built target nodelet_generate_messages_cpp
[  0%] Built target std_msgs_generate_messages_nodejs
[35m[1mScanning dependencies of target std_msgs_generate_messages_lisp[0m
[  0%] Built target nodelet_generate_messages_py
[  0%] Built target autoware_system_msgs_generate_messages_py
[  0%] Built target bond_generate_messages_cpp
[  0%] Built target nodelet_generate_messages_lisp
[35m[1mScanning dependencies of target vector_map_msgs_generate_messages_eus[0m
[35m[1mScanning dependencies of target std_srvs_generate_messages_eus[0m
[  0%] Built target roscpp_generate_messages_cpp
[35m[1mScanning dependencies of target tf_generate_messages_cpp[0m
[35m[1mScanning dependencies of target autoware_msgs_generate_messages_py[0m
[  0%] Built target std_msgs_generate_messages_lisp
[35m[1mScanning dependencies of target autoware_system_msgs_generate_messages_eus[0m
[35m[1mScanning dependencies of target pcl_msgs_generate_messages_lisp[0m
[  0%] Built target vector_map_msgs_generate_messages_eus
[  0%] Built target std_srvs_generate_messages_eus
[  0%] Built target tf_generate_messages_cpp
[35m[1mScanning dependencies of target rosgraph_msgs_generate_messages_nodejs[0m
[  0%] Built target autoware_system_msgs_generate_messages_eus
[35m[1mScanning dependencies of target rosgraph_msgs_generate_messages_lisp[0m
[  0%] Built target pcl_msgs_generate_messages_lisp
[  0%] Built target autoware_msgs_generate_messages_py
[35m[1mScanning dependencies of target dynamic_reconfigure_generate_messages_nodejs[0m
[35m[1mScanning dependencies of target rosgraph_msgs_generate_messages_eus[0m
[35m[1mScanning dependencies of target tf_generate_messages_lisp[0m
[35m[1mScanning dependencies of target roscpp_generate_messages_lisp[0m
[35m[1mScanning dependencies of target dynamic_reconfigure_generate_messages_lisp[0m
[  0%] Built target rosgraph_msgs_generate_messages_nodejs
[  0%] Built target rosgraph_msgs_generate_messages_lisp
[35m[1mScanning dependencies of target std_msgs_generate_messages_py[0m
[  0%] Built target rosgraph_msgs_generate_messages_eus
[  0%] Built target dynamic_reconfigure_generate_messages_nodejs
[  0%] Built target tf_generate_messages_lisp
[35m[1mScanning dependencies of target tf2_msgs_generate_messages_eus[0m
[35m[1mScanning dependencies of target pcl_ros_gencfg[0m
[  0%] Built target roscpp_generate_messages_lisp
[  0%] Built target dynamic_reconfigure_generate_messages_lisp
[  0%] Built target std_msgs_generate_messages_py
[35m[1mScanning dependencies of target tf_generate_messages_nodejs[0m
[35m[1mScanning dependencies of target geometry_msgs_generate_messages_cpp[0m
[  0%] Built target pcl_ros_gencfg
[  0%] Built target tf2_msgs_generate_messages_eus
[35m[1mScanning dependencies of target geometry_msgs_generate_messages_py[0m
[35m[1mScanning dependencies of target std_srvs_generate_messages_py[0m
[35m[1mScanning dependencies of target std_srvs_generate_messages_lisp[0m
[35m[1mScanning dependencies of target geometry_msgs_generate_messages_lisp[0m
[  0%] Built target geometry_msgs_generate_messages_cpp
[35m[1mScanning dependencies of target autoware_msgs_generate_messages_lisp[0m
[  0%] Built target tf_generate_messages_nodejs
[35m[1mScanning dependencies of target jsk_footstep_msgs_generate_messages_cpp[0m
[  0%] Built target std_srvs_generate_messages_lisp
[  0%] Built target geometry_msgs_generate_messages_py
[35m[1mScanning dependencies of target std_msgs_generate_messages_cpp[0m
[  0%] Built target std_srvs_generate_messages_py
[  0%] Built target autoware_msgs_generate_messages_lisp
[  0%] Built target geometry_msgs_generate_messages_lisp
[35m[1mScanning dependencies of target dynamic_reconfigure_generate_messages_cpp[0m
[35m[1mScanning dependencies of target roscpp_generate_messages_nodejs[0m
[  0%] Built target std_msgs_generate_messages_cpp
[  0%] Built target jsk_footstep_msgs_generate_messages_cpp
[  0%] Built target dynamic_reconfigure_generate_messages_cpp
[35m[1mScanning dependencies of target sensor_msgs_generate_messages_nodejs[0m
[35m[1mScanning dependencies of target actionlib_generate_messages_cpp[0m
[35m[1mScanning dependencies of target sensor_msgs_generate_messages_py[0m
[35m[1mScanning dependencies of target rosgraph_msgs_generate_messages_py[0m
[35m[1mScanning dependencies of target topic_tools_generate_messages_lisp[0m
[  0%] Built target roscpp_generate_messages_nodejs
[35m[1mScanning dependencies of target geometry_msgs_generate_messages_nodejs[0m
[  0%] Built target sensor_msgs_generate_messages_nodejs
[  0%] Built target actionlib_generate_messages_cpp
[35m[1mScanning dependencies of target geometry_msgs_generate_messages_eus[0m
[  0%] Built target rosgraph_msgs_generate_messages_py
[  0%] Built target sensor_msgs_generate_messages_py
[  0%] Built target topic_tools_generate_messages_lisp
[35m[1mScanning dependencies of target topic_tools_generate_messages_py[0m
[35m[1mScanning dependencies of target actionlib_msgs_generate_messages_nodejs[0m
[  0%] Built target geometry_msgs_generate_messages_eus
[35m[1mScanning dependencies of target sensor_msgs_generate_messages_lisp[0m
[35m[1mScanning dependencies of target topic_tools_generate_messages_nodejs[0m
[35m[1mScanning dependencies of target autoware_system_msgs_generate_messages_lisp[0m
[  0%] Built target geometry_msgs_generate_messages_nodejs
[  0%] Built target topic_tools_generate_messages_py
[35m[1mScanning dependencies of target tf2_msgs_generate_messages_py[0m
[35m[1mScanning dependencies of target tf_generate_messages_eus[0m
[  0%] Built target topic_tools_generate_messages_nodejs
[  0%] Built target actionlib_msgs_generate_messages_nodejs
[35m[1mScanning dependencies of target tf_generate_messages_py[0m
[35m[1mScanning dependencies of target std_msgs_generate_messages_eus[0m
[  0%] Built target autoware_system_msgs_generate_messages_lisp
[  0%] Built target tf2_msgs_generate_messages_py
[  0%] Built target sensor_msgs_generate_messages_lisp
[35m[1mScanning dependencies of target actionlib_generate_messages_eus[0m
[35m[1mScanning dependencies of target actionlib_generate_messages_lisp[0m
[  0%] Built target tf_generate_messages_eus
[  0%] Built target tf_generate_messages_py
[  0%] Built target std_msgs_generate_messages_eus
[  0%] Built target actionlib_generate_messages_eus
[35m[1mScanning dependencies of target dynamic_reconfigure_generate_messages_py[0m
[35m[1mScanning dependencies of target actionlib_generate_messages_py[0m
[35m[1mScanning dependencies of target autoware_msgs_generate_messages_cpp[0m
[35m[1mScanning dependencies of target actionlib_msgs_generate_messages_eus[0m
[  0%] Built target actionlib_generate_messages_lisp
[35m[1mScanning dependencies of target actionlib_msgs_generate_messages_lisp[0m
[35m[1mScanning dependencies of target actionlib_msgs_generate_messages_py[0m
[35m[1mScanning dependencies of target tf2_msgs_generate_messages_cpp[0m
[  0%] Built target dynamic_reconfigure_generate_messages_py
[  0%] Built target autoware_msgs_generate_messages_cpp
[35m[1mScanning dependencies of target tf2_msgs_generate_messages_lisp[0m
[  0%] Built target tf2_msgs_generate_messages_cpp
[  0%] Built target actionlib_msgs_generate_messages_py
[  0%] Built target actionlib_generate_messages_py
[  0%] Built target actionlib_msgs_generate_messages_eus
[  0%] Built target actionlib_msgs_generate_messages_lisp
[  0%] Built target tf2_msgs_generate_messages_lisp
[35m[1mScanning dependencies of target autoware_msgs_generate_messages_eus[0m
[35m[1mScanning dependencies of target bond_generate_messages_py[0m
[35m[1mScanning dependencies of target jsk_recognition_msgs_generate_messages_lisp[0m
[35m[1mScanning dependencies of target std_srvs_generate_messages_cpp[0m
[35m[1mScanning dependencies of target autoware_msgs_generate_messages_nodejs[0m
[35m[1mScanning dependencies of target jsk_footstep_msgs_generate_messages_eus[0m
[35m[1mScanning dependencies of target pcl_msgs_generate_messages_cpp[0m
[35m[1mScanning dependencies of target jsk_recognition_msgs_generate_messages_nodejs[0m
[  0%] Built target autoware_msgs_generate_messages_eus
[  0%] Built target jsk_recognition_msgs_generate_messages_lisp
[  0%] Built target bond_generate_messages_py
[  0%] Built target jsk_footstep_msgs_generate_messages_eus
[  0%] Built target pcl_msgs_generate_messages_cpp
[  0%] Built target std_srvs_generate_messages_cpp
[  0%] Built target autoware_msgs_generate_messages_nodejs
[35m[1mScanning dependencies of target jsk_recognition_msgs_generate_messages_py[0m
[35m[1mScanning dependencies of target sensor_msgs_generate_messages_cpp[0m
[  0%] Built target jsk_recognition_msgs_generate_messages_nodejs
[  0%] Built target jsk_recognition_msgs_generate_messages_py
[  0%] Built target sensor_msgs_generate_messages_cpp
[35m[1mScanning dependencies of target velocity_set[0m
[35m[1mScanning dependencies of target astar_avoid[0m
[ 12%] [32mBuilding CXX object CMakeFiles/astar_avoid.dir/src/astar_avoid/astar_avoid_node.cpp.o[0m
[ 25%] [32mBuilding CXX object CMakeFiles/astar_avoid.dir/src/astar_avoid/astar_avoid.cpp.o[0m
[ 50%] [32mBuilding CXX object CMakeFiles/velocity_set.dir/src/velocity_set/velocity_set.cpp.o[0m
[ 50%] [32mBuilding CXX object CMakeFiles/velocity_set.dir/src/velocity_set/velocity_set_path.cpp.o[0m
[ 62%] [32mBuilding CXX object CMakeFiles/velocity_set.dir/src/velocity_set/velocity_set_info.cpp.o[0m
[ 75%] [32mBuilding CXX object CMakeFiles/velocity_set.dir/src/velocity_set/libvelocity_set.cpp.o[0m
In file included from [01m[K/home/autoware/Autoware_1.11.0_edit/ros/src/computing/planning/motion/packages/waypoint_planner/src/astar_avoid/astar_avoid.cpp:17:0[m[K:
[01m[K/home/autoware/Autoware_1.11.0_edit/ros/src/computing/planning/motion/packages/waypoint_planner/include/waypoint_planner/astar_avoid/astar_avoid.h:[m[K In constructor ‘[01m[KAstarAvoid::AstarAvoid()[m[K’:
[01m[K/home/autoware/Autoware_1.11.0_edit/ros/src/computing/planning/motion/packages/waypoint_planner/include/waypoint_planner/astar_avoid/astar_avoid.h:103:8:[m[K [01;35m[Kwarning: [m[K‘[01m[KAstarAvoid::closest_waypoint_initialized_[m[K’ will be initialized after [-Wreorder]
   bool closest_waypoint_initialized_;
[01;32m[K        ^[m[K
[01m[K/home/autoware/Autoware_1.11.0_edit/ros/src/computing/planning/motion/packages/waypoint_planner/include/waypoint_planner/astar_avoid/astar_avoid.h:86:8:[m[K [01;35m[Kwarning: [m[K  ‘[01m[Kbool AstarAvoid::terminate_thread_[m[K’ [-Wreorder]
   bool terminate_thread_;
[01;32m[K        ^[m[K
[01m[K/home/autoware/Autoware_1.11.0_edit/ros/src/computing/planning/motion/packages/waypoint_planner/src/astar_avoid/astar_avoid.cpp:19:1:[m[K [01;35m[Kwarning: [m[K  when initialized here [-Wreorder]
 AstarAvoid::AstarAvoid()
[01;32m[K ^[m[K
In file included from [01m[K/home/autoware/Autoware_1.11.0_edit/ros/src/computing/planning/motion/packages/waypoint_planner/src/velocity_set/velocity_set_info.cpp:17:0[m[K:
[01m[K/home/autoware/Autoware_1.11.0_edit/ros/src/computing/planning/motion/packages/waypoint_planner/src/velocity_set/../../src/velocity_set/velocity_set_info.h:[m[K In constructor ‘[01m[KVelocitySetInfo::VelocitySetInfo()[m[K’:
[01m[K/home/autoware/Autoware_1.11.0_edit/ros/src/computing/planning/motion/packages/waypoint_planner/src/velocity_set/../../src/velocity_set/velocity_set_info.h:55:8:[m[K [01;35m[Kwarning: [m[K‘[01m[KVelocitySetInfo::set_pose_[m[K’ will be initialized after [-Wreorder]
   bool set_pose_;
[01;32m[K        ^[m[K
[01m[K/home/autoware/Autoware_1.11.0_edit/ros/src/computing/planning/motion/packages/waypoint_planner/src/velocity_set/../../src/velocity_set/velocity_set_info.h:46:7:[m[K [01;35m[Kwarning: [m[K  ‘[01m[Kint VelocitySetInfo::wpidx_detectionResultByOtherNodes_[m[K’ [-Wreorder]
   int wpidx_detectionResultByOtherNodes_; // waypoints index@finalwaypoints
[01;32m[K       ^[m[K
[01m[K/home/autoware/Autoware_1.11.0_edit/ros/src/computing/planning/motion/packages/waypoint_planner/src/velocity_set/velocity_set_info.cpp:27:1:[m[K [01;35m[Kwarning: [m[K  when initialized here [-Wreorder]
 VelocitySetInfo::VelocitySetInfo()
[01;32m[K ^[m[K
[ 87%] [32m[1mLinking CXX executable devel/lib/waypoint_planner/astar_avoid[0m
[ 87%] Built target astar_avoid
[100%] [32m[1mLinking CXX executable devel/lib/waypoint_planner/velocity_set[0m
[100%] Built target velocity_set
Invoked command in '/home/autoware/Autoware_1.11.0_edit/build/waypoint_planner' returned '0': /usr/bin/cmake --build /home/autoware/Autoware_1.11.0_edit/build/waypoint_planner -- -j8 -l8
Invoking command in '/home/autoware/Autoware_1.11.0_edit/build/waypoint_planner': /usr/bin/cmake --build /home/autoware/Autoware_1.11.0_edit/build/waypoint_planner --target tests -- -j8 -l8
[35m[1mScanning dependencies of target tests[0m
Built target tests
Invoked command in '/home/autoware/Autoware_1.11.0_edit/build/waypoint_planner' returned '0': /usr/bin/cmake --build /home/autoware/Autoware_1.11.0_edit/build/waypoint_planner --target tests -- -j8 -l8
Invoking command in '/home/autoware/Autoware_1.11.0_edit/build/waypoint_planner': /usr/bin/cmake --build /home/autoware/Autoware_1.11.0_edit/build/waypoint_planner --target install
[  0%] Built target jsk_footstep_msgs_generate_messages_lisp
[  0%] Built target visualization_msgs_generate_messages_nodejs
[  0%] Built target visualization_msgs_generate_messages_py
[  0%] Built target vector_map_msgs_generate_messages_cpp
[  0%] Built target vector_map_msgs_generate_messages_lisp
[  0%] Built target vector_map_msgs_generate_messages_py
[  0%] Built target nodelet_generate_messages_eus
[  0%] Built target topic_tools_generate_messages_cpp
[  0%] Built target topic_tools_generate_messages_eus
[  0%] Built target bond_generate_messages_eus
[  0%] Built target roscpp_generate_messages_eus
[  0%] Built target nodelet_generate_messages_nodejs
[  0%] Built target pcl_msgs_generate_messages_nodejs
[  0%] Built target std_srvs_generate_messages_nodejs
[  0%] Built target vector_map_msgs_generate_messages_nodejs
[  0%] Built target autoware_config_msgs_generate_messages_cpp
[  0%] Built target visualization_msgs_generate_messages_lisp
[  0%] Built target autoware_system_msgs_generate_messages_nodejs
[  0%] Built target autoware_system_msgs_generate_messages_cpp
[  0%] Built target tablet_socket_msgs_generate_messages_nodejs
[  0%] Built target tablet_socket_msgs_generate_messages_lisp
[  0%] Built target tablet_socket_msgs_generate_messages_eus
[  0%] Built target tablet_socket_msgs_generate_messages_cpp
[  0%] Built target visualization_msgs_generate_messages_cpp
[  0%] Built target autoware_config_msgs_generate_messages_nodejs
[  0%] Built target autoware_config_msgs_generate_messages_lisp
[  0%] Built target autoware_config_msgs_generate_messages_py
[  0%] Built target autoware_config_msgs_generate_messages_eus
[  0%] Built target jsk_footstep_msgs_generate_messages_py
[  0%] Built target jsk_footstep_msgs_generate_messages_nodejs
[  0%] Built target sensor_msgs_generate_messages_eus
[  0%] Built target tablet_socket_msgs_generate_messages_py
[  0%] Built target actionlib_generate_messages_nodejs
[  0%] Built target actionlib_msgs_generate_messages_cpp
[  0%] Built target pcl_msgs_generate_messages_eus
[  0%] Built target rosgraph_msgs_generate_messages_cpp
[  0%] Built target nodelet_topic_tools_gencfg
[  0%] Built target tf2_msgs_generate_messages_nodejs
[  0%] Built target bond_generate_messages_lisp
[  0%] Built target dynamic_reconfigure_gencfg
[  0%] Built target visualization_msgs_generate_messages_eus
[  0%] Built target pcl_msgs_generate_messages_py
[  0%] Built target bond_generate_messages_nodejs
[  0%] Built target dynamic_reconfigure_generate_messages_eus
[  0%] Built target jsk_recognition_msgs_generate_messages_eus
[  0%] Built target roscpp_generate_messages_py
[  0%] Built target jsk_recognition_msgs_generate_messages_cpp
[  0%] Built target nodelet_generate_messages_cpp
[  0%] Built target std_msgs_generate_messages_nodejs
[  0%] Built target roscpp_generate_messages_cpp
[  0%] Built target nodelet_generate_messages_py
[  0%] Built target autoware_system_msgs_generate_messages_py
[  0%] Built target bond_generate_messages_cpp
[  0%] Built target nodelet_generate_messages_lisp
[  0%] Built target std_msgs_generate_messages_lisp
[  0%] Built target std_srvs_generate_messages_eus
[  0%] Built target vector_map_msgs_generate_messages_eus
[  0%] Built target tf_generate_messages_cpp
[  0%] Built target autoware_system_msgs_generate_messages_eus
[  0%] Built target autoware_msgs_generate_messages_py
[  0%] Built target pcl_msgs_generate_messages_lisp
[  0%] Built target rosgraph_msgs_generate_messages_nodejs
[  0%] Built target rosgraph_msgs_generate_messages_lisp
[  0%] Built target tf_generate_messages_lisp
[  0%] Built target dynamic_reconfigure_generate_messages_nodejs
[  0%] Built target rosgraph_msgs_generate_messages_eus
[  0%] Built target std_msgs_generate_messages_py
[  0%] Built target dynamic_reconfigure_generate_messages_lisp
[  0%] Built target roscpp_generate_messages_lisp
[  0%] Built target tf2_msgs_generate_messages_eus
[  0%] Built target pcl_ros_gencfg
[  0%] Built target geometry_msgs_generate_messages_cpp
[  0%] Built target tf_generate_messages_nodejs
[  0%] Built target std_srvs_generate_messages_py
[  0%] Built target geometry_msgs_generate_messages_py
[  0%] Built target geometry_msgs_generate_messages_lisp
[  0%] Built target std_srvs_generate_messages_lisp
[  0%] Built target autoware_msgs_generate_messages_lisp
[  0%] Built target jsk_footstep_msgs_generate_messages_cpp
[  0%] Built target dynamic_reconfigure_generate_messages_cpp
[  0%] Built target std_msgs_generate_messages_cpp
[  0%] Built target sensor_msgs_generate_messages_nodejs
[  0%] Built target roscpp_generate_messages_nodejs
[  0%] Built target sensor_msgs_generate_messages_py
[  0%] Built target rosgraph_msgs_generate_messages_py
[  0%] Built target actionlib_generate_messages_cpp
[  0%] Built target geometry_msgs_generate_messages_eus
[  0%] Built target geometry_msgs_generate_messages_nodejs
[  0%] Built target topic_tools_generate_messages_lisp
[  0%] Built target sensor_msgs_generate_messages_lisp
[  0%] Built target topic_tools_generate_messages_nodejs
[  0%] Built target topic_tools_generate_messages_py
[  0%] Built target autoware_system_msgs_generate_messages_lisp
[  0%] Built target actionlib_msgs_generate_messages_nodejs
[  0%] Built target tf2_msgs_generate_messages_py
[  0%] Built target tf_generate_messages_eus
[  0%] Built target tf_generate_messages_py
[  0%] Built target std_msgs_generate_messages_eus
[  0%] Built target actionlib_generate_messages_eus
[  0%] Built target actionlib_generate_messages_lisp
[  0%] Built target actionlib_msgs_generate_messages_eus
[  0%] Built target dynamic_reconfigure_generate_messages_py
[  0%] Built target actionlib_generate_messages_py
[  0%] Built target autoware_msgs_generate_messages_cpp
[  0%] Built target actionlib_msgs_generate_messages_lisp
[  0%] Built target actionlib_msgs_generate_messages_py
[  0%] Built target tf2_msgs_generate_messages_cpp
[  0%] Built target tf2_msgs_generate_messages_lisp
[  0%] Built target bond_generate_messages_py
[  0%] Built target autoware_msgs_generate_messages_eus
[  0%] Built target pcl_msgs_generate_messages_cpp
[  0%] Built target std_srvs_generate_messages_cpp
[  0%] Built target autoware_msgs_generate_messages_nodejs
[  0%] Built target jsk_footstep_msgs_generate_messages_eus
[  0%] Built target jsk_recognition_msgs_generate_messages_lisp
[  0%] Built target jsk_recognition_msgs_generate_messages_nodejs
[  0%] Built target jsk_recognition_msgs_generate_messages_py
[  0%] Built target sensor_msgs_generate_messages_cpp
[ 62%] Built target velocity_set
[100%] Built target astar_avoid
[36mInstall the project...[0m
-- Install configuration: "Release"
-- Installing: /home/autoware/Autoware_1.11.0_edit/install/waypoint_planner/lib/pkgconfig/waypoint_planner.pc
-- Installing: /home/autoware/Autoware_1.11.0_edit/install/waypoint_planner/share/waypoint_planner/cmake/waypoint_plannerConfig.cmake
-- Installing: /home/autoware/Autoware_1.11.0_edit/install/waypoint_planner/share/waypoint_planner/cmake/waypoint_plannerConfig-version.cmake
-- Installing: /home/autoware/Autoware_1.11.0_edit/install/waypoint_planner/share/waypoint_planner/package.xml
-- Installing: /home/autoware/Autoware_1.11.0_edit/install/waypoint_planner/lib/waypoint_planner/astar_avoid
-- Set runtime path of "/home/autoware/Autoware_1.11.0_edit/install/waypoint_planner/lib/waypoint_planner/astar_avoid" to ""
-- Installing: /home/autoware/Autoware_1.11.0_edit/install/waypoint_planner/lib/waypoint_planner/velocity_set
-- Set runtime path of "/home/autoware/Autoware_1.11.0_edit/install/waypoint_planner/lib/waypoint_planner/velocity_set" to ""
-- Installing: /home/autoware/Autoware_1.11.0_edit/install/waypoint_planner/share/waypoint_planner/launch
-- Installing: /home/autoware/Autoware_1.11.0_edit/install/waypoint_planner/share/waypoint_planner/launch/astar_avoid.launch
-- Installing: /home/autoware/Autoware_1.11.0_edit/install/waypoint_planner/share/waypoint_planner/launch/velocity_set.launch
Invoked command in '/home/autoware/Autoware_1.11.0_edit/build/waypoint_planner' returned '0': /usr/bin/cmake --build /home/autoware/Autoware_1.11.0_edit/build/waypoint_planner --target install
