Determining if the pthread_create exist failed with the following output:
Change Dir: /home/autoware/Autoware_1.11.0_edit/build/waypoint_planner/CMakeFiles/CMakeTmp

Run Build Command:"/usr/bin/make" "cmTC_8596d/fast"
/usr/bin/make -f CMakeFiles/cmTC_8596d.dir/build.make CMakeFiles/cmTC_8596d.dir/build
make[1]: ディレクトリ '/home/autoware/Autoware_1.11.0_edit/build/waypoint_planner/CMakeFiles/CMakeTmp' に入ります
Building C object CMakeFiles/cmTC_8596d.dir/CheckSymbolExists.c.o
/usr/bin/cc     -o CMakeFiles/cmTC_8596d.dir/CheckSymbolExists.c.o   -c /home/autoware/Autoware_1.11.0_edit/build/waypoint_planner/CMakeFiles/CMakeTmp/CheckSymbolExists.c
Linking C executable cmTC_8596d
/usr/bin/cmake -E cmake_link_script CMakeFiles/cmTC_8596d.dir/link.txt --verbose=1
/usr/bin/cc       CMakeFiles/cmTC_8596d.dir/CheckSymbolExists.c.o  -o cmTC_8596d -rdynamic 
CMakeFiles/cmTC_8596d.dir/CheckSymbolExists.c.o: 関数 `main' 内:
CheckSymbolExists.c:(.text+0x16): `pthread_create' に対する定義されていない参照です
collect2: error: ld returned 1 exit status
CMakeFiles/cmTC_8596d.dir/build.make:97: ターゲット 'cmTC_8596d' のレシピで失敗しました
make[1]: *** [cmTC_8596d] エラー 1
make[1]: ディレクトリ '/home/autoware/Autoware_1.11.0_edit/build/waypoint_planner/CMakeFiles/CMakeTmp' から出ます
Makefile:126: ターゲット 'cmTC_8596d/fast' のレシピで失敗しました
make: *** [cmTC_8596d/fast] エラー 2

File /home/autoware/Autoware_1.11.0_edit/build/waypoint_planner/CMakeFiles/CMakeTmp/CheckSymbolExists.c:
/* */
#include <pthread.h>

int main(int argc, char** argv)
{
  (void)argv;
#ifndef pthread_create
  return ((int*)(&pthread_create))[argc];
#else
  (void)argc;
  return 0;
#endif
}

Determining if the function pthread_create exists in the pthreads failed with the following output:
Change Dir: /home/autoware/Autoware_1.11.0_edit/build/waypoint_planner/CMakeFiles/CMakeTmp

Run Build Command:"/usr/bin/make" "cmTC_c4da7/fast"
/usr/bin/make -f CMakeFiles/cmTC_c4da7.dir/build.make CMakeFiles/cmTC_c4da7.dir/build
make[1]: ディレクトリ '/home/autoware/Autoware_1.11.0_edit/build/waypoint_planner/CMakeFiles/CMakeTmp' に入ります
Building C object CMakeFiles/cmTC_c4da7.dir/CheckFunctionExists.c.o
/usr/bin/cc    -DCHECK_FUNCTION_EXISTS=pthread_create   -o CMakeFiles/cmTC_c4da7.dir/CheckFunctionExists.c.o   -c /usr/share/cmake-3.5/Modules/CheckFunctionExists.c
Linking C executable cmTC_c4da7
/usr/bin/cmake -E cmake_link_script CMakeFiles/cmTC_c4da7.dir/link.txt --verbose=1
/usr/bin/cc   -DCHECK_FUNCTION_EXISTS=pthread_create    CMakeFiles/cmTC_c4da7.dir/CheckFunctionExists.c.o  -o cmTC_c4da7 -rdynamic -lpthreads 
/usr/bin/ld: -lpthreads が見つかりません
collect2: error: ld returned 1 exit status
CMakeFiles/cmTC_c4da7.dir/build.make:97: ターゲット 'cmTC_c4da7' のレシピで失敗しました
make[1]: *** [cmTC_c4da7] エラー 1
make[1]: ディレクトリ '/home/autoware/Autoware_1.11.0_edit/build/waypoint_planner/CMakeFiles/CMakeTmp' から出ます
Makefile:126: ターゲット 'cmTC_c4da7/fast' のレシピで失敗しました
make: *** [cmTC_c4da7/fast] エラー 2


